<?xml version="1.0" encoding="UTF-8"?>
<!-- Generated by org.testng.reporters.JUnitReportReporter -->
<testsuite hostname="DESKTOP-81TSAC2" failures="0" tests="1" name="com.pageObjectEcom.vr.testScripts.LoginTest" time="16.793" errors="0" timestamp="17 Oct 2021 05:46:24 GMT" skipped="0">
  <testcase classname="com.pageObjectEcom.vr.testScripts.LoginTest" name="testLoginToApplication" time="16.793"/>
</testsuite> <!-- com.pageObjectEcom.vr.testScripts.LoginTest -->
