<?xml version="1.0" encoding="UTF-8"?>
<!-- Generated by org.testng.reporters.JUnitReportReporter -->
<testsuite hostname="DESKTOP-81TSAC2" failures="0" tests="3" name="com.pageObjectEcom.vr.testScripts.LoginTestWithDataDriven" time="15.540" errors="0" timestamp="17 Oct 2021 07:14:25 GMT" skipped="1">
  <testcase classname="com.pageObjectEcom.vr.testScripts.LoginTestWithDataDriven" name="loginTest" time="0.265">
    <skipped/>
  </testcase> <!-- loginTest -->
  <testcase classname="com.pageObjectEcom.vr.testScripts.LoginTestWithDataDriven" name="loginTest" time="8.310"/>
  <testcase classname="com.pageObjectEcom.vr.testScripts.LoginTestWithDataDriven" name="loginTest" time="6.965"/>
</testsuite> <!-- com.pageObjectEcom.vr.testScripts.LoginTestWithDataDriven -->
